#
# There is insufficient memory for the Java Runtime Environment to continue.
# Native memory allocation (mmap) failed to map 266338304 bytes for Failed to commit area from 0x0000000703200000 to 0x0000000713000000 of length 266338304.
# Possible reasons:
#   The system is out of physical RAM or swap space
#   The process is running with CompressedOops enabled, and the Java Heap may be blocking the growth of the native heap
# Possible solutions:
#   Reduce memory load on the system
#   Increase physical memory or swap space
#   Check if swap backing store is full
#   Decrease Java heap size (-Xmx/-Xms)
#   Decrease number of Java threads
#   Decrease Java thread stack sizes (-Xss)
#   Set larger code cache with -XX:ReservedCodeCacheSize=
#   JVM is running with Zero Based Compressed Oops mode in which the Java heap is
#     placed in the first 32GB address space. The Java Heap base address is the
#     maximum limit for the native heap growth. Please use -XX:HeapBaseMinAddress
#     to set the Java Heap base and to place the Java Heap above 32GB virtual address.
# This output file may be truncated or incomplete.
#
#  Out of Memory Error (./open/src/hotspot/os/windows/os_windows.cpp:3315), pid=8396, tid=10340
#
# JRE version:  (14.0.1+7) (build )
# Java VM: OpenJDK 64-Bit Server VM (14.0.1+7, mixed mode, sharing, tiered, compressed oops, g1 gc, windows-amd64)
# No core dump will be written. Minidumps are not enabled by default on client versions of Windows
#

---------------  S U M M A R Y ------------

Command Line: -XX:TieredStopAtLevel=1 -Xverify:none -Dspring.output.ansi.enabled=always -Dcom.sun.management.jmxremote -Dspring.jmx.enabled=true -Dspring.liveBeansView.mbeanDomain -Dspring.application.admin.enabled=true -javaagent:C:\Program Files\JetBrains\IntelliJ IDEA 2020.2.2\lib\idea_rt.jar=50495:C:\Program Files\JetBrains\IntelliJ IDEA 2020.2.2\bin -Dfile.encoding=UTF-8 com.application.RestaurantSpringAPI

Host: Intel(R) Core(TM) i7-8750H CPU @ 2.20GHz, 12 cores, 15G,  Windows 10 , 64 bit Build 19041 (10.0.19041.292)
Time: Tue Sep 29 12:24:55 2020 E. Europe Daylight Time elapsed time: 0 seconds (0d 0h 0m 0s)

---------------  T H R E A D  ---------------

Current thread (0x000001d33f26d800):  JavaThread "Unknown thread" [_thread_in_vm, id=10340, stack(0x000000a0ce000000,0x000000a0ce100000)]

Stack: [0x000000a0ce000000,0x000000a0ce100000]
Native frames: (J=compiled Java code, j=interpreted, Vv=VM code, C=native code)
V  [jvm.dll+0x5f840a]
V  [jvm.dll+0x741e4a]
V  [jvm.dll+0x7435ff]
V  [jvm.dll+0x743c43]
V  [jvm.dll+0x20d288]
V  [jvm.dll+0x5f57ba]
V  [jvm.dll+0x5ea615]
V  [jvm.dll+0x2c7e9c]
V  [jvm.dll+0x2c7cd2]
V  [jvm.dll+0x2cdbbc]
V  [jvm.dll+0x313ff8]
V  [jvm.dll+0x313720]
V  [jvm.dll+0x2a092a]
V  [jvm.dll+0x2a1a79]
V  [jvm.dll+0x71f718]
V  [jvm.dll+0x321c44]
V  [jvm.dll+0x700b0c]
V  [jvm.dll+0x392dff]
V  [jvm.dll+0x394e71]
C  [jli.dll+0x523b]
C  [ucrtbase.dll+0x214c2]
C  [KERNEL32.DLL+0x16fd4]
C  [ntdll.dll+0x4cec1]


---------------  P R O C E S S  ---------------

Threads class SMR info:
_java_thread_list=0x00007ffdea1c3078, length=0, elements={
}

Java Threads: ( => current thread )

Other Threads:
  0x000001d33f2d4000 GCTaskThread "GC Thread#0" [stack: 0x000000a0ce100000,0x000000a0ce200000] [id=18404]
  0x000001d33f2f5800 ConcurrentGCThread "G1 Main Marker" [stack: 0x000000a0ce200000,0x000000a0ce300000] [id=19976]
  0x000001d33f2f7000 ConcurrentGCThread "G1 Conc#0" [stack: 0x000000a0ce300000,0x000000a0ce400000] [id=11580]

[error occurred during error reporting (printing all threads), id 0xc0000005, EXCEPTION_ACCESS_VIOLATION (0xc0000005) at pc=0x00007ffde99f1257]

VM state:not at safepoint (not fully initialized)

VM Mutex/Monitor currently owned by a thread:  ([mutex/lock_event])
[0x000001d33f269be0] Heap_lock - owner thread: 0x000001d33f26d800

Heap address: 0x0000000703200000, size: 4046 MB, Compressed Oops mode: Zero based, Oop shift amount: 3
Narrow klass base: 0x0000000000000000, Narrow klass shift: 0

GC Heap History (0 events):
No events

Deoptimization events (0 events):
No events

Classes unloaded (0 events):
No events

Classes redefined (0 events):
No events

Internal exceptions (0 events):
No events

Events (2 events):
Event: 0.050 Loaded shared library C:\Users\simon\.jdks\openjdk-14.0.1\bin\java.dll
Event: 0.050 Loaded shared library C:\Users\simon\.jdks\openjdk-14.0.1\bin\zip.dll


Dynamic libraries:
0x00007ff66d040000 - 0x00007ff66d04d000 	C:\Users\simon\.jdks\openjdk-14.0.1\bin\java.exe
0x00007ffe3dbb0000 - 0x00007ffe3dda5000 	C:\WINDOWS\SYSTEM32\ntdll.dll
0x00007ffe3d600000 - 0x00007ffe3d6bd000 	C:\WINDOWS\System32\KERNEL32.DLL
0x00007ffe3b5d0000 - 0x00007ffe3b897000 	C:\WINDOWS\System32\KERNELBASE.dll
0x00007ffe3b950000 - 0x00007ffe3ba50000 	C:\WINDOWS\System32\ucrtbase.dll
0x00007ffe2a030000 - 0x00007ffe2a048000 	C:\Users\simon\.jdks\openjdk-14.0.1\bin\jli.dll
0x00007ffe2a050000 - 0x00007ffe2a065000 	C:\Users\simon\.jdks\openjdk-14.0.1\bin\VCRUNTIME140.dll
0x00007ffe3cc40000 - 0x00007ffe3cde0000 	C:\WINDOWS\System32\USER32.dll
0x00007ffe3b920000 - 0x00007ffe3b942000 	C:\WINDOWS\System32\win32u.dll
0x00007ffe3db40000 - 0x00007ffe3db6a000 	C:\WINDOWS\System32\GDI32.dll
0x00007ffe1f890000 - 0x00007ffe1fb2b000 	C:\WINDOWS\WinSxS\amd64_microsoft.windows.common-controls_6595b64144ccf1df_6.0.19041.488_none_ca04af081b815d21\COMCTL32.dll
0x00007ffe3bb00000 - 0x00007ffe3bc09000 	C:\WINDOWS\System32\gdi32full.dll
0x00007ffe3daa0000 - 0x00007ffe3db3e000 	C:\WINDOWS\System32\msvcrt.dll
0x00007ffe3b530000 - 0x00007ffe3b5cd000 	C:\WINDOWS\System32\msvcp_win.dll
0x00007ffe3cbf0000 - 0x00007ffe3cc20000 	C:\WINDOWS\System32\IMM32.DLL
0x00007ffe16fc0000 - 0x00007ffe1705b000 	C:\Users\simon\.jdks\openjdk-14.0.1\bin\msvcp140.dll
0x00007ffde9740000 - 0x00007ffdea25e000 	C:\Users\simon\.jdks\openjdk-14.0.1\bin\server\jvm.dll
0x00007ffe3c610000 - 0x00007ffe3c6ba000 	C:\WINDOWS\System32\ADVAPI32.dll
0x00007ffe3bc70000 - 0x00007ffe3bd0b000 	C:\WINDOWS\System32\sechost.dll
0x00007ffe3c480000 - 0x00007ffe3c5a4000 	C:\WINDOWS\System32\RPCRT4.dll
0x00007ffe3cb80000 - 0x00007ffe3cb88000 	C:\WINDOWS\System32\PSAPI.DLL
0x00007ffe35d00000 - 0x00007ffe35d27000 	C:\WINDOWS\SYSTEM32\WINMM.dll
0x00007ffe1ff50000 - 0x00007ffe1ff59000 	C:\WINDOWS\SYSTEM32\WSOCK32.dll
0x00007ffe324b0000 - 0x00007ffe324ba000 	C:\WINDOWS\SYSTEM32\VERSION.dll
0x00007ffe3c890000 - 0x00007ffe3c8fb000 	C:\WINDOWS\System32\WS2_32.dll
0x00007ffe391f0000 - 0x00007ffe39203000 	C:\WINDOWS\SYSTEM32\kernel.appcore.dll
0x00007ffe33a30000 - 0x00007ffe33a3a000 	C:\Users\simon\.jdks\openjdk-14.0.1\bin\jimage.dll
0x00007ffe35200000 - 0x00007ffe353e4000 	C:\WINDOWS\SYSTEM32\DBGHELP.DLL
0x00007ffe20f30000 - 0x00007ffe20f5c000 	C:\WINDOWS\SYSTEM32\dbgcore.DLL
0x00007ffe3b8a0000 - 0x00007ffe3b91f000 	C:\WINDOWS\System32\bcryptPrimitives.dll
0x00007ffe38ae0000 - 0x00007ffe38aee000 	C:\Users\simon\.jdks\openjdk-14.0.1\bin\instrument.dll
0x00007ffe29540000 - 0x00007ffe29565000 	C:\Users\simon\.jdks\openjdk-14.0.1\bin\java.dll
0x00007ffe29a10000 - 0x00007ffe29a26000 	C:\Users\simon\.jdks\openjdk-14.0.1\bin\zip.dll

dbghelp: loaded successfully - version: 4.0.5 - missing functions: none
symbol engine: initialized successfully - sym options: 0x614 - pdb path: .;C:\Users\simon\.jdks\openjdk-14.0.1\bin;C:\WINDOWS\SYSTEM32;C:\WINDOWS\WinSxS\amd64_microsoft.windows.common-controls_6595b64144ccf1df_6.0.19041.488_none_ca04af081b815d21;C:\Users\simon\.jdks\openjdk-14.0.1\bin\server

VM Arguments:
jvm_args: -XX:TieredStopAtLevel=1 -Xverify:none -Dspring.output.ansi.enabled=always -Dcom.sun.management.jmxremote -Dspring.jmx.enabled=true -Dspring.liveBeansView.mbeanDomain -Dspring.application.admin.enabled=true -javaagent:C:\Program Files\JetBrains\IntelliJ IDEA 2020.2.2\lib\idea_rt.jar=50495:C:\Program Files\JetBrains\IntelliJ IDEA 2020.2.2\bin -Dfile.encoding=UTF-8 
java_command: com.application.RestaurantSpringAPI
java_class_path (initial): C:\Users\simon\IdeaProjects\SpringAPI\target\classes;C:\Users\simon\.m2\repository\org\springframework\boot\spring-boot-starter-thymeleaf\2.3.2.RELEASE\spring-boot-starter-thymeleaf-2.3.2.RELEASE.jar;C:\Users\simon\.m2\repository\org\springframework\boot\spring-boot-starter\2.3.2.RELEASE\spring-boot-starter-2.3.2.RELEASE.jar;C:\Users\simon\.m2\repository\org\springframework\boot\spring-boot-starter-logging\2.3.2.RELEASE\spring-boot-starter-logging-2.3.2.RELEASE.jar;C:\Users\simon\.m2\repository\ch\qos\logback\logback-classic\1.2.3\logback-classic-1.2.3.jar;C:\Users\simon\.m2\repository\ch\qos\logback\logback-core\1.2.3\logback-core-1.2.3.jar;C:\Users\simon\.m2\repository\org\apache\logging\log4j\log4j-to-slf4j\2.13.3\log4j-to-slf4j-2.13.3.jar;C:\Users\simon\.m2\repository\org\apache\logging\log4j\log4j-api\2.13.3\log4j-api-2.13.3.jar;C:\Users\simon\.m2\repository\org\slf4j\jul-to-slf4j\1.7.30\jul-to-slf4j-1.7.30.jar;C:\Users\simon\.m2\repository\jakarta\annotation\jakarta.annotation-api\1.3.5\jakarta.annotation-api-1.3.5.jar;C:\Users\simon\.m2\repository\org\yaml\snakeyaml\1.26\snakeyaml-1.26.jar;C:\Users\simon\.m2\repository\org\thymeleaf\thymeleaf-spring5\3.0.11.RELEASE\thymeleaf-spring5-3.0.11.RELEASE.jar;C:\Users\simon\.m2\repository\org\thymeleaf\thymeleaf\3.0.11.RELEASE\thymeleaf-3.0.11.RELEASE.jar;C:\Users\simon\.m2\repository\org\attoparser\attoparser\2.0.5.RELEASE\attoparser-2.0.5.RELEASE.jar;C:\Users\simon\.m2\repository\org\unbescape\unbescape\1.1.6.RELEASE\unbescape-1.1.6.RELEASE.jar;C:\Users\simon\.m2\repository\org\thymeleaf\extras\thymeleaf-extras-java8time\3.0.4.RELEASE\thymeleaf-extras-java8time-3.0.4.RELEASE.jar;C:\Users\simon\.m2\repository\org\springframework\boot\spring-boot-starter-data-jpa\2.3.2.RELEASE\spring-boot-starter-data-jpa-2.3.2.RELEASE.jar;C:\Users\simon\.m2\repository\org\springframework\boot\spring-boot-starter-aop\2.3.2.RELEASE\spring-boot-starter-aop-2.3.2.RELEASE.jar;C:\Users\simon\.m2\repository\org
Launcher Type: SUN_STANDARD

[Global flags]
     intx CICompilerCount                          = 4                                         {product} {ergonomic}
     uint ConcGCThreads                            = 3                                         {product} {ergonomic}
     uint G1ConcRefinementThreads                  = 10                                        {product} {ergonomic}
   size_t G1HeapRegionSize                         = 1048576                                   {product} {ergonomic}
    uintx GCDrainStackTargetSize                   = 64                                        {product} {ergonomic}
   size_t InitialHeapSize                          = 266338304                                 {product} {ergonomic}
     bool ManagementServer                         = true                                      {product} {command line}
   size_t MarkStackSize                            = 4194304                                   {product} {ergonomic}
   size_t MaxHeapSize                              = 4242538496                                {product} {ergonomic}
   size_t MinHeapDeltaBytes                        = 1048576                                   {product} {ergonomic}
   size_t MinHeapSize                              = 8388608                                   {product} {ergonomic}
    uintx NonNMethodCodeHeapSize                   = 7549744                                {pd product} {ergonomic}
    uintx NonProfiledCodeHeapSize                  = 244108496                              {pd product} {ergonomic}
    uintx ProfiledCodeHeapSize                     = 0                                      {pd product} {ergonomic}
    uintx ReservedCodeCacheSize                    = 251658240                              {pd product} {ergonomic}
     bool SegmentedCodeCache                       = true                                      {product} {ergonomic}
   size_t SoftMaxHeapSize                          = 4242538496                             {manageable} {ergonomic}
     intx TieredStopAtLevel                        = 1                                         {product} {command line}
     bool UseCompressedClassPointers               = true                                 {lp64_product} {ergonomic}
     bool UseCompressedOops                        = true                                 {lp64_product} {ergonomic}
     bool UseG1GC                                  = true                                      {product} {ergonomic}
     bool UseLargePagesIndividualAllocation        = false                                  {pd product} {ergonomic}

Logging:
Log output configuration:
 #0: stdout all=warning uptime,level,tags
 #1: stderr all=off uptime,level,tags

Environment Variables:
JAVA_HOME=C:\Program Files\Java\jdk1.8.0_261
PATH=C:\Program Files (x86)\Common Files\Oracle\Java\javapath;C:\Windows\system32;C:\Windows;C:\Windows\System32\Wbem;C:\Windows\System32\WindowsPowerShell\v1.0\;C:\Windows\System32\OpenSSH\;C:\Program Files\NVIDIA Corporation\NVIDIA NvDLISR;C:\Program Files (x86)\NVIDIA Corporation\PhysX\Common;C:\WINDOWS\system32;C:\WINDOWS;C:\WINDOWS\System32\Wbem;C:\WINDOWS\System32\WindowsPowerShell\v1.0\;C:\WINDOWS\System32\OpenSSH\;C:\Program Files\Git\cmd;C:\Program Files\nodejs\;C:\Program Files\groovy-3.0.5\bin;C:\Program Files\Java\jdk1.8.0_261\bin;C:\Program Files\Spring_Home\bin;C:\Program Files\Maven\bin;C:\Program Files\Docker\Docker\resources\bin;C:\ProgramData\DockerDesktop\version-bin;C:\Users\simon\AppData\Local\Microsoft\WindowsApps;C:\Users\simon\AppData\Roaming\npm;C:\Users\simon\AppData\Local\Programs\Microsoft VS Code\bin;;C:\Program Files\JetBrains\IntelliJ IDEA 2020.2.2\bin;
USERNAME=simon
OS=Windows_NT
PROCESSOR_IDENTIFIER=Intel64 Family 6 Model 158 Stepping 10, GenuineIntel



---------------  S Y S T E M  ---------------

OS: Windows 10 , 64 bit Build 19041 (10.0.19041.292)
OS uptime: 0 days 20:02 hours
HyperV virtualization detected

CPU:total 12 (initial active 12) (6 cores per cpu, 2 threads per core) family 6 model 158 stepping 10, cmov, cx8, fxsr, mmx, sse, sse2, sse3, ssse3, sse4.1, sse4.2, popcnt, avx, avx2, aes, clmul, erms, 3dnowpref, lzcnt, ht, tsc, tscinvbit, bmi1, bmi2, adx, fma

Memory: 4k page, system-wide physical 16178M (4051M free)
TotalPageFile size 16178M (AvailPageFile size 115M)
current process WorkingSet (physical memory assigned to process): 10M, peak: 10M
current process commit charge ("private bytes"): 62M, peak: 316M

vm_info: OpenJDK 64-Bit Server VM (14.0.1+7) for windows-amd64 JRE (14.0.1+7), built on Mar  5 2020 10:30:04 by "mach5one" with MS VC++ 15.9 (VS2017)

END.
